# JRE version: Java(TM) SE Runtime Environment (17.0.12+8) (build 17.0.12+8-LTS-286)
# Java VM: Java HotSpot(TM) 64-Bit Server VM (17.0.12+8-LTS-286, mixed mode, sharing, tiered, compressed oops, compressed class ptrs, g1 gc, windows-amd64)
GC Precious Log:
 CPUs: 12 total, 12 available
 Memory: 3405M
 Large Page Support: Disabled
 NUMA Support: Disabled
 Compressed Oops: Enabled (32-bit)
 Heap Region Size: 1M
 Heap Min Capacity: 8M
 Heap Initial Capacity: 54M
 Heap Max Capacity: 852M
 Pre-touch: Disabled
 Parallel Workers: 10
 Concurrent Workers: 3
 Concurrent Refinement Workers: 10
 Periodic GC: Disabled
Heap:
 garbage-first heap   total 66560K, used 49145K [0x00000000cac00000, 0x0000000100000000)
  region size 1024K, 25 young (25600K), 2 survivors (2048K)
 Metaspace       used 61778K, committed 62336K, reserved 1114112K
  class space    used 8430K, committed 8704K, reserved 1048576K
GC Heap History (20 events):
Event: 7.524 GC heap before
{Heap before GC invocations=3 (full 0):
 garbage-first heap   total 55296K, used 33741K [0x00000000cac00000, 0x0000000100000000)
  region size 1024K, 24 young (24576K), 3 survivors (3072K)
 Metaspace       used 18916K, committed 19200K, reserved 1114112K
  class space    used 2365K, committed 2496K, reserved 1048576K
}
Event: 7.532 GC heap after
{Heap after GC invocations=4 (full 0):
 garbage-first heap   total 55296K, used 14546K [0x00000000cac00000, 0x0000000100000000)
  region size 1024K, 3 young (3072K), 3 survivors (3072K)
 Metaspace       used 18916K, committed 19200K, reserved 1114112K
  class space    used 2365K, committed 2496K, reserved 1048576K
}
Event: 8.167 GC heap before
{Heap before GC invocations=4 (full 0):
 garbage-first heap   total 55296K, used 29906K [0x00000000cac00000, 0x0000000100000000)
  region size 1024K, 19 young (19456K), 3 survivors (3072K)
 Metaspace       used 21187K, committed 21504K, reserved 1114112K
  class space    used 2651K, committed 2816K, reserved 1048576K
}
Event: 8.176 GC heap after
{Heap after GC invocations=5 (full 0):
 garbage-first heap   total 55296K, used 15693K [0x00000000cac00000, 0x0000000100000000)
  region size 1024K, 2 young (2048K), 2 survivors (2048K)
 Metaspace       used 21187K, committed 21504K, reserved 1114112K
  class space    used 2651K, committed 2816K, reserved 1048576K
}
Event: 9.383 GC heap before
{Heap before GC invocations=6 (full 0):
 garbage-first heap   total 55296K, used 38221K [0x00000000cac00000, 0x0000000100000000)
  region size 1024K, 24 young (24576K), 2 survivors (2048K)
 Metaspace       used 24659K, committed 25024K, reserved 1114112K
  class space    used 3163K, committed 3328K, reserved 1048576K
}
Event: 9.397 GC heap after
{Heap after GC invocations=7 (full 0):
 garbage-first heap   total 55296K, used 17306K [0x00000000cac00000, 0x0000000100000000)
  region size 1024K, 3 young (3072K), 3 survivors (3072K)
 Metaspace       used 24659K, committed 25024K, reserved 1114112K
  class space    used 3163K, committed 3328K, reserved 1048576K
}
Event: 11.191 GC heap before
{Heap before GC invocations=7 (full 0):
 garbage-first heap   total 55296K, used 39834K [0x00000000cac00000, 0x0000000100000000)
  region size 1024K, 25 young (25600K), 3 survivors (3072K)
 Metaspace       used 29292K, committed 29696K, reserved 1114112K
  class space    used 3763K, committed 3968K, reserved 1048576K
}
Event: 11.204 GC heap after
{Heap after GC invocations=8 (full 0):
 garbage-first heap   total 55296K, used 19503K [0x00000000cac00000, 0x0000000100000000)
  region size 1024K, 4 young (4096K), 4 survivors (4096K)
 Metaspace       used 29292K, committed 29696K, reserved 1114112K
  class space    used 3763K, committed 3968K, reserved 1048576K
}
Event: 15.342 GC heap before
{Heap before GC invocations=8 (full 0):
 garbage-first heap   total 55296K, used 39983K [0x00000000cac00000, 0x0000000100000000)
  region size 1024K, 24 young (24576K), 4 survivors (4096K)
 Metaspace       used 33117K, committed 33472K, reserved 1114112K
  class space    used 4301K, committed 4480K, reserved 1048576K
}
Event: 15.355 GC heap after
{Heap after GC invocations=9 (full 0):
 garbage-first heap   total 55296K, used 20799K [0x00000000cac00000, 0x0000000100000000)
  region size 1024K, 2 young (2048K), 2 survivors (2048K)
 Metaspace       used 33117K, committed 33472K, reserved 1114112K
  class space    used 4301K, committed 4480K, reserved 1048576K
}
Event: 16.317 GC heap before
{Heap before GC invocations=9 (full 0):
 garbage-first heap   total 55296K, used 30015K [0x00000000cac00000, 0x0000000100000000)
  region size 1024K, 12 young (12288K), 2 survivors (2048K)
 Metaspace       used 35617K, committed 35968K, reserved 1114112K
  class space    used 4708K, committed 4864K, reserved 1048576K
}
Event: 16.321 GC heap after
{Heap after GC invocations=10 (full 0):
 garbage-first heap   total 55296K, used 21096K [0x00000000cac00000, 0x0000000100000000)
  region size 1024K, 2 young (2048K), 2 survivors (2048K)
 Metaspace       used 35617K, committed 35968K, reserved 1114112K
  class space    used 4708K, committed 4864K, reserved 1048576K
}
Event: 17.801 GC heap before
{Heap before GC invocations=11 (full 0):
 garbage-first heap   total 55296K, used 42600K [0x00000000cac00000, 0x0000000100000000)
  region size 1024K, 23 young (23552K), 2 survivors (2048K)
 Metaspace       used 44728K, committed 45248K, reserved 1114112K
  class space    used 5875K, committed 6144K, reserved 1048576K
}
Event: 17.809 GC heap after
{Heap after GC invocations=12 (full 0):
 garbage-first heap   total 55296K, used 23558K [0x00000000cac00000, 0x0000000100000000)
  region size 1024K, 3 young (3072K), 3 survivors (3072K)
 Metaspace       used 44728K, committed 45248K, reserved 1114112K
  class space    used 5875K, committed 6144K, reserved 1048576K
}
Event: 18.369 GC heap before
{Heap before GC invocations=12 (full 0):
 garbage-first heap   total 55296K, used 41990K [0x00000000cac00000, 0x0000000100000000)
  region size 1024K, 21 young (21504K), 3 survivors (3072K)
 Metaspace       used 48529K, committed 49024K, reserved 1114112K
  class space    used 6391K, committed 6656K, reserved 1048576K
}
Event: 18.375 GC heap after
{Heap after GC invocations=13 (full 0):
 garbage-first heap   total 55296K, used 24871K [0x00000000cac00000, 0x0000000100000000)
  region size 1024K, 2 young (2048K), 2 survivors (2048K)
 Metaspace       used 48529K, committed 49024K, reserved 1114112K
  class space    used 6391K, committed 6656K, reserved 1048576K
}
Event: 19.035 GC heap before
{Heap before GC invocations=13 (full 0):
 garbage-first heap   total 55296K, used 42279K [0x00000000cac00000, 0x0000000100000000)
  region size 1024K, 20 young (20480K), 2 survivors (2048K)
 Metaspace       used 54175K, committed 54656K, reserved 1114112K
  class space    used 7193K, committed 7424K, reserved 1048576K
}
Event: 19.040 GC heap after
{Heap after GC invocations=14 (full 0):
 garbage-first heap   total 66560K, used 25742K [0x00000000cac00000, 0x0000000100000000)
  region size 1024K, 3 young (3072K), 3 survivors (3072K)
 Metaspace       used 54175K, committed 54656K, reserved 1114112K
  class space    used 7193K, committed 7424K, reserved 1048576K
}
Event: 20.046 GC heap before
{Heap before GC invocations=14 (full 0):
 garbage-first heap   total 66560K, used 50318K [0x00000000cac00000, 0x0000000100000000)
  region size 1024K, 29 young (29696K), 3 survivors (3072K)
 Metaspace       used 59801K, committed 60288K, reserved 1114112K
  class space    used 8083K, committed 8320K, reserved 1048576K
}
Event: 20.052 GC heap after
{Heap after GC invocations=15 (full 0):
 garbage-first heap   total 66560K, used 26617K [0x00000000cac00000, 0x0000000100000000)
  region size 1024K, 2 young (2048K), 2 survivors (2048K)
 Metaspace       used 59801K, committed 60288K, reserved 1114112K
  class space    used 8083K, committed 8320K, reserved 1048576K
}

