# JRE version: Java(TM) SE Runtime Environment (17.0.12+8) (build 17.0.12+8-LTS-286)
# Java VM: Java HotSpot(TM) 64-Bit Server VM (17.0.12+8-LTS-286, mixed mode, sharing, tiered, compressed oops, compressed class ptrs, g1 gc, windows-amd64)
GC Precious Log:
 CPUs: 12 total, 12 available
 Memory: 3405M
 Large Page Support: Disabled
 NUMA Support: Disabled
 Compressed Oops: Enabled (32-bit)
 Heap Region Size: 1M
 Heap Min Capacity: 8M
 Heap Initial Capacity: 54M
 Heap Max Capacity: 852M
 Pre-touch: Disabled
 Parallel Workers: 10
 Concurrent Workers: 3
 Concurrent Refinement Workers: 10
 Periodic GC: Disabled
Heap:
 garbage-first heap   total 78848K, used 49023K [0x00000000cac00000, 0x0000000100000000)
  region size 1024K, 2 young (2048K), 2 survivors (2048K)
 Metaspace       used 68675K, committed 69184K, reserved 1114112K
  class space    used 9627K, committed 9856K, reserved 1048576K
GC Heap History (20 events):
Event: 11.469 GC heap after
{Heap after GC invocations=12 (full 0):
 garbage-first heap   total 55296K, used 23475K [0x00000000cac00000, 0x0000000100000000)
  region size 1024K, 3 young (3072K), 3 survivors (3072K)
 Metaspace       used 44672K, committed 45120K, reserved 1114112K
  class space    used 5868K, committed 6080K, reserved 1048576K
}
Event: 12.010 GC heap before
{Heap before GC invocations=12 (full 0):
 garbage-first heap   total 55296K, used 40883K [0x00000000cac00000, 0x0000000100000000)
  region size 1024K, 21 young (21504K), 3 survivors (3072K)
 Metaspace       used 48532K, committed 49024K, reserved 1114112K
  class space    used 6391K, committed 6656K, reserved 1048576K
}
Event: 12.015 GC heap after
{Heap after GC invocations=13 (full 0):
 garbage-first heap   total 55296K, used 25173K [0x00000000cac00000, 0x0000000100000000)
  region size 1024K, 2 young (2048K), 2 survivors (2048K)
 Metaspace       used 48532K, committed 49024K, reserved 1114112K
  class space    used 6391K, committed 6656K, reserved 1048576K
}
Event: 12.572 GC heap before
{Heap before GC invocations=13 (full 0):
 garbage-first heap   total 55296K, used 42581K [0x00000000cac00000, 0x0000000100000000)
  region size 1024K, 20 young (20480K), 2 survivors (2048K)
 Metaspace       used 54183K, committed 54656K, reserved 1114112K
  class space    used 7195K, committed 7424K, reserved 1048576K
}
Event: 12.575 GC heap after
{Heap after GC invocations=14 (full 0):
 garbage-first heap   total 66560K, used 25770K [0x00000000cac00000, 0x0000000100000000)
  region size 1024K, 3 young (3072K), 3 survivors (3072K)
 Metaspace       used 54183K, committed 54656K, reserved 1114112K
  class space    used 7195K, committed 7424K, reserved 1048576K
}
Event: 13.499 GC heap before
{Heap before GC invocations=14 (full 0):
 garbage-first heap   total 66560K, used 49322K [0x00000000cac00000, 0x0000000100000000)
  region size 1024K, 27 young (27648K), 3 survivors (3072K)
 Metaspace       used 59646K, committed 60160K, reserved 1114112K
  class space    used 8071K, committed 8320K, reserved 1048576K
}
Event: 13.504 GC heap after
{Heap after GC invocations=15 (full 0):
 garbage-first heap   total 66560K, used 26572K [0x00000000cac00000, 0x0000000100000000)
  region size 1024K, 2 young (2048K), 2 survivors (2048K)
 Metaspace       used 59646K, committed 60160K, reserved 1114112K
  class space    used 8071K, committed 8320K, reserved 1048576K
}
Event: 14.709 GC heap before
{Heap before GC invocations=16 (full 0):
 garbage-first heap   total 66560K, used 52172K [0x00000000cac00000, 0x0000000100000000)
  region size 1024K, 27 young (27648K), 2 survivors (2048K)
 Metaspace       used 62103K, committed 62656K, reserved 1114112K
  class space    used 8465K, committed 8704K, reserved 1048576K
}
Event: 14.714 GC heap after
{Heap after GC invocations=17 (full 0):
 garbage-first heap   total 66560K, used 28878K [0x00000000cac00000, 0x0000000100000000)
  region size 1024K, 4 young (4096K), 4 survivors (4096K)
 Metaspace       used 62103K, committed 62656K, reserved 1114112K
  class space    used 8465K, committed 8704K, reserved 1048576K
}
Event: 15.139 GC heap before
{Heap before GC invocations=17 (full 0):
 garbage-first heap   total 66560K, used 51406K [0x00000000cac00000, 0x0000000100000000)
  region size 1024K, 27 young (27648K), 4 survivors (4096K)
 Metaspace       used 64895K, committed 65472K, reserved 1114112K
  class space    used 8946K, committed 9216K, reserved 1048576K
}
Event: 15.146 GC heap after
{Heap after GC invocations=18 (full 0):
 garbage-first heap   total 66560K, used 30446K [0x00000000cac00000, 0x0000000100000000)
  region size 1024K, 2 young (2048K), 2 survivors (2048K)
 Metaspace       used 64895K, committed 65472K, reserved 1114112K
  class space    used 8946K, committed 9216K, reserved 1048576K
}
Event: 15.378 GC heap before
{Heap before GC invocations=18 (full 0):
 garbage-first heap   total 66560K, used 51950K [0x00000000cac00000, 0x0000000100000000)
  region size 1024K, 24 young (24576K), 2 survivors (2048K)
 Metaspace       used 66662K, committed 67200K, reserved 1114112K
  class space    used 9324K, committed 9536K, reserved 1048576K
}
Event: 15.381 GC heap after
{Heap after GC invocations=19 (full 0):
 garbage-first heap   total 66560K, used 31248K [0x00000000cac00000, 0x0000000100000000)
  region size 1024K, 3 young (3072K), 3 survivors (3072K)
 Metaspace       used 66662K, committed 67200K, reserved 1114112K
  class space    used 9324K, committed 9536K, reserved 1048576K
}
Event: 15.732 GC heap before
{Heap before GC invocations=19 (full 0):
 garbage-first heap   total 66560K, used 53776K [0x00000000cac00000, 0x0000000100000000)
  region size 1024K, 25 young (25600K), 3 survivors (3072K)
 Metaspace       used 68675K, committed 69184K, reserved 1114112K
  class space    used 9627K, committed 9856K, reserved 1048576K
}
Event: 15.737 GC heap after
{Heap after GC invocations=20 (full 0):
 garbage-first heap   total 66560K, used 32973K [0x00000000cac00000, 0x0000000100000000)
  region size 1024K, 3 young (3072K), 3 survivors (3072K)
 Metaspace       used 68675K, committed 69184K, reserved 1114112K
  class space    used 9627K, committed 9856K, reserved 1048576K
}
Event: 15.869 GC heap before
{Heap before GC invocations=20 (full 0):
 garbage-first heap   total 66560K, used 53453K [0x00000000cac00000, 0x0000000100000000)
  region size 1024K, 23 young (23552K), 3 survivors (3072K)
 Metaspace       used 68675K, committed 69184K, reserved 1114112K
  class space    used 9627K, committed 9856K, reserved 1048576K
}
Event: 15.880 GC heap after
{Heap after GC invocations=21 (full 0):
 garbage-first heap   total 66560K, used 40049K [0x00000000cac00000, 0x0000000100000000)
  region size 1024K, 3 young (3072K), 3 survivors (3072K)
 Metaspace       used 68675K, committed 69184K, reserved 1114112K
  class space    used 9627K, committed 9856K, reserved 1048576K
}
Event: 15.934 GC heap before
{Heap before GC invocations=22 (full 0):
 garbage-first heap   total 78848K, used 50289K [0x00000000cac00000, 0x0000000100000000)
  region size 1024K, 14 young (14336K), 3 survivors (3072K)
 Metaspace       used 68675K, committed 69184K, reserved 1114112K
  class space    used 9627K, committed 9856K, reserved 1048576K
}
Event: 15.943 GC heap after
{Heap after GC invocations=23 (full 0):
 garbage-first heap   total 78848K, used 44686K [0x00000000cac00000, 0x0000000100000000)
  region size 1024K, 2 young (2048K), 2 survivors (2048K)
 Metaspace       used 68675K, committed 69184K, reserved 1114112K
  class space    used 9627K, committed 9856K, reserved 1048576K
}
Event: 16.006 GC heap before
{Heap before GC invocations=23 (full 0):
 garbage-first heap   total 78848K, used 59022K [0x00000000cac00000, 0x0000000100000000)
  region size 1024K, 16 young (16384K), 2 survivors (2048K)
 Metaspace       used 68675K, committed 69184K, reserved 1114112K
  class space    used 9627K, committed 9856K, reserved 1048576K
}

