# JRE version: Java(TM) SE Runtime Environment (17.0.12+8) (build 17.0.12+8-LTS-286)
# Java VM: Java HotSpot(TM) 64-Bit Server VM (17.0.12+8-LTS-286, mixed mode, sharing, tiered, compressed oops, compressed class ptrs, g1 gc, windows-amd64)
GC Precious Log:
 CPUs: 12 total, 12 available
 Memory: 3405M
 Large Page Support: Disabled
 NUMA Support: Disabled
 Compressed Oops: Enabled (32-bit)
 Heap Region Size: 1M
 Heap Min Capacity: 8M
 Heap Initial Capacity: 54M
 Heap Max Capacity: 852M
 Pre-touch: Disabled
 Parallel Workers: 10
 Concurrent Workers: 3
 Concurrent Refinement Workers: 10
 Periodic GC: Disabled
Heap:
 garbage-first heap   total 61440K, used 41446K [0x00000000cac00000, 0x0000000100000000)
  region size 1024K, 23 young (23552K), 4 survivors (4096K)
 Metaspace       used 48810K, committed 49280K, reserved 1114112K
  class space    used 6554K, committed 6784K, reserved 1048576K
GC Heap History (20 events):
Event: 0.606 GC heap before
{Heap before GC invocations=0 (full 0):
 garbage-first heap   total 55296K, used 24576K [0x00000000cac00000, 0x0000000100000000)
  region size 1024K, 23 young (23552K), 0 survivors (0K)
 Metaspace       used 5110K, committed 5312K, reserved 1114112K
  class space    used 605K, committed 704K, reserved 1048576K
}
Event: 0.615 GC heap after
{Heap after GC invocations=1 (full 0):
 garbage-first heap   total 55296K, used 8916K [0x00000000cac00000, 0x0000000100000000)
  region size 1024K, 3 young (3072K), 3 survivors (3072K)
 Metaspace       used 5110K, committed 5312K, reserved 1114112K
  class space    used 605K, committed 704K, reserved 1048576K
}
Event: 1.069 GC heap before
{Heap before GC invocations=1 (full 0):
 garbage-first heap   total 55296K, used 27348K [0x00000000cac00000, 0x0000000100000000)
  region size 1024K, 21 young (21504K), 3 survivors (3072K)
 Metaspace       used 9595K, committed 9856K, reserved 1114112K
  class space    used 1200K, committed 1344K, reserved 1048576K
}
Event: 1.076 GC heap after
{Heap after GC invocations=2 (full 0):
 garbage-first heap   total 55296K, used 10832K [0x00000000cac00000, 0x0000000100000000)
  region size 1024K, 2 young (2048K), 2 survivors (2048K)
 Metaspace       used 9595K, committed 9856K, reserved 1114112K
  class space    used 1200K, committed 1344K, reserved 1048576K
}
Event: 1.818 GC heap before
{Heap before GC invocations=2 (full 0):
 garbage-first heap   total 55296K, used 30288K [0x00000000cac00000, 0x0000000100000000)
  region size 1024K, 21 young (21504K), 2 survivors (2048K)
 Metaspace       used 13904K, committed 14208K, reserved 1114112K
  class space    used 1837K, committed 1984K, reserved 1048576K
}
Event: 1.822 GC heap after
{Heap after GC invocations=3 (full 0):
 garbage-first heap   total 55296K, used 12027K [0x00000000cac00000, 0x0000000100000000)
  region size 1024K, 3 young (3072K), 3 survivors (3072K)
 Metaspace       used 13904K, committed 14208K, reserved 1114112K
  class space    used 1837K, committed 1984K, reserved 1048576K
}
Event: 2.118 GC heap before
{Heap before GC invocations=3 (full 0):
 garbage-first heap   total 55296K, used 33531K [0x00000000cac00000, 0x0000000100000000)
  region size 1024K, 25 young (25600K), 3 survivors (3072K)
 Metaspace       used 19368K, committed 19712K, reserved 1114112K
  class space    used 2547K, committed 2688K, reserved 1048576K
}
Event: 2.123 GC heap after
{Heap after GC invocations=4 (full 0):
 garbage-first heap   total 55296K, used 13209K [0x00000000cac00000, 0x0000000100000000)
  region size 1024K, 3 young (3072K), 3 survivors (3072K)
 Metaspace       used 19368K, committed 19712K, reserved 1114112K
  class space    used 2547K, committed 2688K, reserved 1048576K
}
Event: 2.237 GC heap before
{Heap before GC invocations=4 (full 0):
 garbage-first heap   total 55296K, used 22425K [0x00000000cac00000, 0x0000000100000000)
  region size 1024K, 14 young (14336K), 3 survivors (3072K)
 Metaspace       used 21216K, committed 21568K, reserved 1114112K
  class space    used 2800K, committed 2944K, reserved 1048576K
}
Event: 2.241 GC heap after
{Heap after GC invocations=5 (full 0):
 garbage-first heap   total 55296K, used 13773K [0x00000000cac00000, 0x0000000100000000)
  region size 1024K, 2 young (2048K), 2 survivors (2048K)
 Metaspace       used 21216K, committed 21568K, reserved 1114112K
  class space    used 2800K, committed 2944K, reserved 1048576K
}
Event: 2.628 GC heap before
{Heap before GC invocations=6 (full 0):
 garbage-first heap   total 51200K, used 37325K [0x00000000cac00000, 0x0000000100000000)
  region size 1024K, 26 young (26624K), 2 survivors (2048K)
 Metaspace       used 23885K, committed 24256K, reserved 1114112K
  class space    used 3129K, committed 3328K, reserved 1048576K
}
Event: 2.634 GC heap after
{Heap after GC invocations=7 (full 0):
 garbage-first heap   total 61440K, used 16824K [0x00000000cac00000, 0x0000000100000000)
  region size 1024K, 4 young (4096K), 4 survivors (4096K)
 Metaspace       used 23885K, committed 24256K, reserved 1114112K
  class space    used 3129K, committed 3328K, reserved 1048576K
}
Event: 3.628 GC heap before
{Heap before GC invocations=7 (full 0):
 garbage-first heap   total 61440K, used 41400K [0x00000000cac00000, 0x0000000100000000)
  region size 1024K, 28 young (28672K), 4 survivors (4096K)
 Metaspace       used 27161K, committed 27584K, reserved 1114112K
  class space    used 3597K, committed 3776K, reserved 1048576K
}
Event: 3.636 GC heap after
{Heap after GC invocations=8 (full 0):
 garbage-first heap   total 61440K, used 19260K [0x00000000cac00000, 0x0000000100000000)
  region size 1024K, 3 young (3072K), 3 survivors (3072K)
 Metaspace       used 27161K, committed 27584K, reserved 1114112K
  class space    used 3597K, committed 3776K, reserved 1048576K
}
Event: 4.134 GC heap before
{Heap before GC invocations=8 (full 0):
 garbage-first heap   total 61440K, used 42812K [0x00000000cac00000, 0x0000000100000000)
  region size 1024K, 27 young (27648K), 3 survivors (3072K)
 Metaspace       used 30858K, committed 31296K, reserved 1114112K
  class space    used 4142K, committed 4352K, reserved 1048576K
}
Event: 4.141 GC heap after
{Heap after GC invocations=9 (full 0):
 garbage-first heap   total 61440K, used 20811K [0x00000000cac00000, 0x0000000100000000)
  region size 1024K, 4 young (4096K), 4 survivors (4096K)
 Metaspace       used 30858K, committed 31296K, reserved 1114112K
  class space    used 4142K, committed 4352K, reserved 1048576K
}
Event: 4.612 GC heap before
{Heap before GC invocations=9 (full 0):
 garbage-first heap   total 61440K, used 39243K [0x00000000cac00000, 0x0000000100000000)
  region size 1024K, 24 young (24576K), 4 survivors (4096K)
 Metaspace       used 35687K, committed 36096K, reserved 1114112K
  class space    used 4836K, committed 4992K, reserved 1048576K
}
Event: 4.619 GC heap after
{Heap after GC invocations=10 (full 0):
 garbage-first heap   total 61440K, used 21701K [0x00000000cac00000, 0x0000000100000000)
  region size 1024K, 1 young (1024K), 1 survivors (1024K)
 Metaspace       used 35687K, committed 36096K, reserved 1114112K
  class space    used 4836K, committed 4992K, reserved 1048576K
}
Event: 5.820 GC heap before
{Heap before GC invocations=11 (full 0):
 garbage-first heap   total 61440K, used 45253K [0x00000000cac00000, 0x0000000100000000)
  region size 1024K, 25 young (25600K), 1 survivors (1024K)
 Metaspace       used 45133K, committed 45568K, reserved 1114112K
  class space    used 6056K, committed 6272K, reserved 1048576K
}
Event: 5.826 GC heap after
{Heap after GC invocations=12 (full 0):
 garbage-first heap   total 61440K, used 24038K [0x00000000cac00000, 0x0000000100000000)
  region size 1024K, 4 young (4096K), 4 survivors (4096K)
 Metaspace       used 45133K, committed 45568K, reserved 1114112K
  class space    used 6056K, committed 6272K, reserved 1048576K
}

