# JRE version: Java(TM) SE Runtime Environment (17.0.12+8) (build 17.0.12+8-LTS-286)
# Java VM: Java HotSpot(TM) 64-Bit Server VM (17.0.12+8-LTS-286, mixed mode, sharing, tiered, compressed oops, compressed class ptrs, g1 gc, windows-amd64)
GC Precious Log:
 CPUs: 12 total, 12 available
 Memory: 3405M
 Large Page Support: Disabled
 NUMA Support: Disabled
 Compressed Oops: Enabled (32-bit)
 Heap Region Size: 1M
 Heap Min Capacity: 8M
 Heap Initial Capacity: 54M
 Heap Max Capacity: 852M
 Pre-touch: Disabled
 Parallel Workers: 10
 Concurrent Workers: 3
 Concurrent Refinement Workers: 10
 Periodic GC: Disabled
Heap:
 garbage-first heap   total 66560K, used 36017K [0x00000000cac00000, 0x0000000100000000)
  region size 1024K, 22 young (22528K), 3 survivors (3072K)
 Metaspace       used 28087K, committed 28480K, reserved 1114112K
  class space    used 3635K, committed 3776K, reserved 1048576K
GC Heap History (12 events):
Event: 1.735 GC heap before
{Heap before GC invocations=0 (full 0):
 garbage-first heap   total 55296K, used 24576K [0x00000000cac00000, 0x0000000100000000)
  region size 1024K, 23 young (23552K), 0 survivors (0K)
 Metaspace       used 6088K, committed 6272K, reserved 1114112K
  class space    used 747K, committed 832K, reserved 1048576K
}
Event: 1.748 GC heap after
{Heap after GC invocations=1 (full 0):
 garbage-first heap   total 55296K, used 7888K [0x00000000cac00000, 0x0000000100000000)
  region size 1024K, 3 young (3072K), 3 survivors (3072K)
 Metaspace       used 6088K, committed 6272K, reserved 1114112K
  class space    used 747K, committed 832K, reserved 1048576K
}
Event: 2.519 GC heap before
{Heap before GC invocations=1 (full 0):
 garbage-first heap   total 55296K, used 27344K [0x00000000cac00000, 0x0000000100000000)
  region size 1024K, 23 young (23552K), 3 survivors (3072K)
 Metaspace       used 11264K, committed 11520K, reserved 1114112K
  class space    used 1407K, committed 1536K, reserved 1048576K
}
Event: 2.527 GC heap after
{Heap after GC invocations=2 (full 0):
 garbage-first heap   total 55296K, used 10070K [0x00000000cac00000, 0x0000000100000000)
  region size 1024K, 2 young (2048K), 2 survivors (2048K)
 Metaspace       used 11264K, committed 11520K, reserved 1114112K
  class space    used 1407K, committed 1536K, reserved 1048576K
}
Event: 3.051 GC heap before
{Heap before GC invocations=2 (full 0):
 garbage-first heap   total 55296K, used 30550K [0x00000000cac00000, 0x0000000100000000)
  region size 1024K, 23 young (23552K), 2 survivors (2048K)
 Metaspace       used 16696K, committed 16960K, reserved 1114112K
  class space    used 2110K, committed 2240K, reserved 1048576K
}
Event: 3.057 GC heap after
{Heap after GC invocations=3 (full 0):
 garbage-first heap   total 55296K, used 12287K [0x00000000cac00000, 0x0000000100000000)
  region size 1024K, 3 young (3072K), 3 survivors (3072K)
 Metaspace       used 16696K, committed 16960K, reserved 1114112K
  class space    used 2110K, committed 2240K, reserved 1048576K
}
Event: 3.758 GC heap before
{Heap before GC invocations=3 (full 0):
 garbage-first heap   total 55296K, used 32767K [0x00000000cac00000, 0x0000000100000000)
  region size 1024K, 24 young (24576K), 3 survivors (3072K)
 Metaspace       used 18987K, committed 19328K, reserved 1114112K
  class space    used 2374K, committed 2496K, reserved 1048576K
}
Event: 3.766 GC heap after
{Heap after GC invocations=4 (full 0):
 garbage-first heap   total 55296K, used 14748K [0x00000000cac00000, 0x0000000100000000)
  region size 1024K, 3 young (3072K), 3 survivors (3072K)
 Metaspace       used 18987K, committed 19328K, reserved 1114112K
  class space    used 2374K, committed 2496K, reserved 1048576K
}
Event: 4.309 GC heap before
{Heap before GC invocations=4 (full 0):
 garbage-first heap   total 55296K, used 30108K [0x00000000cac00000, 0x0000000100000000)
  region size 1024K, 19 young (19456K), 3 survivors (3072K)
 Metaspace       used 21197K, committed 21504K, reserved 1114112K
  class space    used 2654K, committed 2816K, reserved 1048576K
}
Event: 4.316 GC heap after
{Heap after GC invocations=5 (full 0):
 garbage-first heap   total 55296K, used 15988K [0x00000000cac00000, 0x0000000100000000)
  region size 1024K, 2 young (2048K), 2 survivors (2048K)
 Metaspace       used 21197K, committed 21504K, reserved 1114112K
  class space    used 2654K, committed 2816K, reserved 1048576K
}
Event: 5.132 GC heap before
{Heap before GC invocations=6 (full 0):
 garbage-first heap   total 55296K, used 37492K [0x00000000cac00000, 0x0000000100000000)
  region size 1024K, 23 young (23552K), 2 survivors (2048K)
 Metaspace       used 24460K, committed 24832K, reserved 1114112K
  class space    used 3125K, committed 3328K, reserved 1048576K
}
Event: 5.306 GC heap after
{Heap after GC invocations=7 (full 0):
 garbage-first heap   total 66560K, used 17585K [0x00000000cac00000, 0x0000000100000000)
  region size 1024K, 3 young (3072K), 3 survivors (3072K)
 Metaspace       used 24460K, committed 24832K, reserved 1114112K
  class space    used 3125K, committed 3328K, reserved 1048576K
}

