# JRE version: Java(TM) SE Runtime Environment (17.0.12+8) (build 17.0.12+8-LTS-286)
# Java VM: Java HotSpot(TM) 64-Bit Server VM (17.0.12+8-LTS-286, mixed mode, sharing, tiered, compressed oops, compressed class ptrs, g1 gc, windows-amd64)
GC Precious Log:
 CPUs: 12 total, 12 available
 Memory: 3405M
 Large Page Support: Disabled
 NUMA Support: Disabled
 Compressed Oops: Enabled (32-bit)
 Heap Region Size: 1M
 Heap Min Capacity: 8M
 Heap Initial Capacity: 54M
 Heap Max Capacity: 852M
 Pre-touch: Disabled
 Parallel Workers: 10
 Concurrent Workers: 3
 Concurrent Refinement Workers: 10
 Periodic GC: Disabled
Heap:
 garbage-first heap   total 128000K, used 69856K [0x00000000cac00000, 0x0000000100000000)
  region size 1024K, 3 young (3072K), 3 survivors (3072K)
 Metaspace       used 69267K, committed 69824K, reserved 1114112K
  class space    used 9809K, committed 10048K, reserved 1048576K
GC Heap History (20 events):
Event: 24.380 GC heap after
{Heap after GC invocations=20 (full 0):
 garbage-first heap   total 68608K, used 30657K [0x00000000cac00000, 0x0000000100000000)
  region size 1024K, 2 young (2048K), 2 survivors (2048K)
 Metaspace       used 65634K, committed 66112K, reserved 1114112K
  class space    used 9161K, committed 9408K, reserved 1048576K
}
Event: 24.702 GC heap before
{Heap before GC invocations=20 (full 0):
 garbage-first heap   total 68608K, used 54209K [0x00000000cac00000, 0x0000000100000000)
  region size 1024K, 26 young (26624K), 2 survivors (2048K)
 Metaspace       used 67406K, committed 67968K, reserved 1114112K
  class space    used 9539K, committed 9792K, reserved 1048576K
}
Event: 24.708 GC heap after
{Heap after GC invocations=21 (full 0):
 garbage-first heap   total 68608K, used 31630K [0x00000000cac00000, 0x0000000100000000)
  region size 1024K, 3 young (3072K), 3 survivors (3072K)
 Metaspace       used 67406K, committed 67968K, reserved 1114112K
  class space    used 9539K, committed 9792K, reserved 1048576K
}
Event: 24.807 GC heap before
{Heap before GC invocations=21 (full 0):
 garbage-first heap   total 68608K, used 55182K [0x00000000cac00000, 0x0000000100000000)
  region size 1024K, 26 young (26624K), 3 survivors (3072K)
 Metaspace       used 67429K, committed 67968K, reserved 1114112K
  class space    used 9539K, committed 9792K, reserved 1048576K
}
Event: 24.813 GC heap after
{Heap after GC invocations=22 (full 0):
 garbage-first heap   total 68608K, used 32081K [0x00000000cac00000, 0x0000000100000000)
  region size 1024K, 2 young (2048K), 2 survivors (2048K)
 Metaspace       used 67429K, committed 67968K, reserved 1114112K
  class space    used 9539K, committed 9792K, reserved 1048576K
}
Event: 25.162 GC heap before
{Heap before GC invocations=22 (full 0):
 garbage-first heap   total 68608K, used 55633K [0x00000000cac00000, 0x0000000100000000)
  region size 1024K, 26 young (26624K), 2 survivors (2048K)
 Metaspace       used 69267K, committed 69824K, reserved 1114112K
  class space    used 9809K, committed 10048K, reserved 1048576K
}
Event: 25.178 GC heap after
{Heap after GC invocations=23 (full 0):
 garbage-first heap   total 68608K, used 37620K [0x00000000cac00000, 0x0000000100000000)
  region size 1024K, 4 young (4096K), 4 survivors (4096K)
 Metaspace       used 69267K, committed 69824K, reserved 1114112K
  class space    used 9809K, committed 10048K, reserved 1048576K
}
Event: 25.295 GC heap before
{Heap before GC invocations=23 (full 0):
 garbage-first heap   total 68608K, used 52980K [0x00000000cac00000, 0x0000000100000000)
  region size 1024K, 19 young (19456K), 4 survivors (4096K)
 Metaspace       used 69267K, committed 69824K, reserved 1114112K
  class space    used 9809K, committed 10048K, reserved 1048576K
}
Event: 25.311 GC heap after
{Heap after GC invocations=24 (full 0):
 garbage-first heap   total 86016K, used 42869K [0x00000000cac00000, 0x0000000100000000)
  region size 1024K, 3 young (3072K), 3 survivors (3072K)
 Metaspace       used 69267K, committed 69824K, reserved 1114112K
  class space    used 9809K, committed 10048K, reserved 1048576K
}
Event: 25.407 GC heap before
{Heap before GC invocations=25 (full 0):
 garbage-first heap   total 86016K, used 63349K [0x00000000cac00000, 0x0000000100000000)
  region size 1024K, 23 young (23552K), 3 survivors (3072K)
 Metaspace       used 69267K, committed 69824K, reserved 1114112K
  class space    used 9809K, committed 10048K, reserved 1048576K
}
Event: 25.424 GC heap after
{Heap after GC invocations=26 (full 0):
 garbage-first heap   total 86016K, used 50005K [0x00000000cac00000, 0x0000000100000000)
  region size 1024K, 3 young (3072K), 3 survivors (3072K)
 Metaspace       used 69267K, committed 69824K, reserved 1114112K
  class space    used 9809K, committed 10048K, reserved 1048576K
}
Event: 25.436 GC heap before
{Heap before GC invocations=26 (full 0):
 garbage-first heap   total 86016K, used 53077K [0x00000000cac00000, 0x0000000100000000)
  region size 1024K, 7 young (7168K), 3 survivors (3072K)
 Metaspace       used 69267K, committed 69824K, reserved 1114112K
  class space    used 9809K, committed 10048K, reserved 1048576K
}
Event: 25.451 GC heap after
{Heap after GC invocations=27 (full 0):
 garbage-first heap   total 86016K, used 51901K [0x00000000cac00000, 0x0000000100000000)
  region size 1024K, 2 young (2048K), 2 survivors (2048K)
 Metaspace       used 69267K, committed 69824K, reserved 1114112K
  class space    used 9809K, committed 10048K, reserved 1048576K
}
Event: 25.536 GC heap before
{Heap before GC invocations=28 (full 0):
 garbage-first heap   total 101376K, used 67261K [0x00000000cac00000, 0x0000000100000000)
  region size 1024K, 16 young (16384K), 2 survivors (2048K)
 Metaspace       used 69267K, committed 69824K, reserved 1114112K
  class space    used 9809K, committed 10048K, reserved 1048576K
}
Event: 25.550 GC heap after
{Heap after GC invocations=29 (full 0):
 garbage-first heap   total 101376K, used 57980K [0x00000000cac00000, 0x0000000100000000)
  region size 1024K, 2 young (2048K), 2 survivors (2048K)
 Metaspace       used 69267K, committed 69824K, reserved 1114112K
  class space    used 9809K, committed 10048K, reserved 1048576K
}
Event: 25.613 GC heap before
{Heap before GC invocations=29 (full 0):
 garbage-first heap   total 101376K, used 76412K [0x00000000cac00000, 0x0000000100000000)
  region size 1024K, 20 young (20480K), 2 survivors (2048K)
 Metaspace       used 69267K, committed 69824K, reserved 1114112K
  class space    used 9809K, committed 10048K, reserved 1048576K
}
Event: 25.632 GC heap after
{Heap after GC invocations=30 (full 0):
 garbage-first heap   total 101376K, used 65174K [0x00000000cac00000, 0x0000000100000000)
  region size 1024K, 3 young (3072K), 3 survivors (3072K)
 Metaspace       used 69267K, committed 69824K, reserved 1114112K
  class space    used 9809K, committed 10048K, reserved 1048576K
}
Event: 25.693 GC heap before
{Heap before GC invocations=30 (full 0):
 garbage-first heap   total 128000K, used 78486K [0x00000000cac00000, 0x0000000100000000)
  region size 1024K, 16 young (16384K), 3 survivors (3072K)
 Metaspace       used 69267K, committed 69824K, reserved 1114112K
  class space    used 9809K, committed 10048K, reserved 1048576K
}
Event: 25.706 GC heap after
{Heap after GC invocations=31 (full 0):
 garbage-first heap   total 128000K, used 68832K [0x00000000cac00000, 0x0000000100000000)
  region size 1024K, 2 young (2048K), 2 survivors (2048K)
 Metaspace       used 69267K, committed 69824K, reserved 1114112K
  class space    used 9809K, committed 10048K, reserved 1048576K
}
Event: 25.793 GC heap before
{Heap before GC invocations=32 (full 0):
 garbage-first heap   total 128000K, used 93408K [0x00000000cac00000, 0x0000000100000000)
  region size 1024K, 26 young (26624K), 2 survivors (2048K)
 Metaspace       used 69267K, committed 69824K, reserved 1114112K
  class space    used 9809K, committed 10048K, reserved 1048576K
}

