# JRE version: Java(TM) SE Runtime Environment (17.0.12+8) (build 17.0.12+8-LTS-286)
# Java VM: Java HotSpot(TM) 64-Bit Server VM (17.0.12+8-LTS-286, mixed mode, sharing, tiered, compressed oops, compressed class ptrs, g1 gc, windows-amd64)
GC Precious Log:
 CPUs: 12 total, 12 available
 Memory: 3405M
 Large Page Support: Disabled
 NUMA Support: Disabled
 Compressed Oops: Enabled (32-bit)
 Heap Region Size: 1M
 Heap Min Capacity: 8M
 Heap Initial Capacity: 54M
 Heap Max Capacity: 852M
 Pre-touch: Disabled
 Parallel Workers: 10
 Concurrent Workers: 3
 Concurrent Refinement Workers: 10
 Periodic GC: Disabled
Heap:
 garbage-first heap   total 348160K, used 152813K [0x00000000cac00000, 0x0000000100000000)
  region size 1024K, 4 young (4096K), 4 survivors (4096K)
 Metaspace       used 73874K, committed 74432K, reserved 1114112K
  class space    used 10473K, committed 10752K, reserved 1048576K
GC Heap History (20 events):
Event: 10.430 GC heap after
{Heap after GC invocations=20 (full 0):
 garbage-first heap   total 96256K, used 48063K [0x00000000cac00000, 0x0000000100000000)
  region size 1024K, 6 young (6144K), 6 survivors (6144K)
 Metaspace       used 69406K, committed 70016K, reserved 1114112K
  class space    used 9838K, committed 10112K, reserved 1048576K
}
Event: 10.463 GC heap before
{Heap before GC invocations=20 (full 0):
 garbage-first heap   total 96256K, used 57279K [0x00000000cac00000, 0x0000000100000000)
  region size 1024K, 16 young (16384K), 6 survivors (6144K)
 Metaspace       used 69407K, committed 70016K, reserved 1114112K
  class space    used 9838K, committed 10112K, reserved 1048576K
}
Event: 10.477 GC heap after
{Heap after GC invocations=21 (full 0):
 garbage-first heap   total 96256K, used 50696K [0x00000000cac00000, 0x0000000100000000)
  region size 1024K, 2 young (2048K), 2 survivors (2048K)
 Metaspace       used 69407K, committed 70016K, reserved 1114112K
  class space    used 9838K, committed 10112K, reserved 1048576K
}
Event: 10.571 GC heap before
{Heap before GC invocations=22 (full 0):
 garbage-first heap   total 101376K, used 72200K [0x00000000cac00000, 0x0000000100000000)
  region size 1024K, 22 young (22528K), 2 survivors (2048K)
 Metaspace       used 69407K, committed 70016K, reserved 1114112K
  class space    used 9838K, committed 10112K, reserved 1048576K
}
Event: 10.586 GC heap after
{Heap after GC invocations=23 (full 0):
 garbage-first heap   total 101376K, used 58888K [0x00000000cac00000, 0x0000000100000000)
  region size 1024K, 3 young (3072K), 3 survivors (3072K)
 Metaspace       used 69407K, committed 70016K, reserved 1114112K
  class space    used 9838K, committed 10112K, reserved 1048576K
}
Event: 10.662 GC heap before
{Heap before GC invocations=23 (full 0):
 garbage-first heap   total 101376K, used 76296K [0x00000000cac00000, 0x0000000100000000)
  region size 1024K, 20 young (20480K), 3 survivors (3072K)
 Metaspace       used 69407K, committed 70016K, reserved 1114112K
  class space    used 9838K, committed 10112K, reserved 1048576K
}
Event: 10.686 GC heap after
{Heap after GC invocations=24 (full 0):
 garbage-first heap   total 101376K, used 66056K [0x00000000cac00000, 0x0000000100000000)
  region size 1024K, 3 young (3072K), 3 survivors (3072K)
 Metaspace       used 69407K, committed 70016K, reserved 1114112K
  class space    used 9838K, committed 10112K, reserved 1048576K
}
Event: 10.754 GC heap before
{Heap before GC invocations=25 (full 0):
 garbage-first heap   total 122880K, used 79368K [0x00000000cac00000, 0x0000000100000000)
  region size 1024K, 16 young (16384K), 3 survivors (3072K)
 Metaspace       used 69407K, committed 70016K, reserved 1114112K
  class space    used 9838K, committed 10112K, reserved 1048576K
}
Event: 10.768 GC heap after
{Heap after GC invocations=26 (full 0):
 garbage-first heap   total 122880K, used 68200K [0x00000000cac00000, 0x0000000100000000)
  region size 1024K, 2 young (2048K), 2 survivors (2048K)
 Metaspace       used 69407K, committed 70016K, reserved 1114112K
  class space    used 9838K, committed 10112K, reserved 1048576K
}
Event: 10.812 GC heap before
{Heap before GC invocations=26 (full 0):
 garbage-first heap   total 122880K, used 90728K [0x00000000cac00000, 0x0000000100000000)
  region size 1024K, 24 young (24576K), 2 survivors (2048K)
 Metaspace       used 69408K, committed 70016K, reserved 1114112K
  class space    used 9838K, committed 10112K, reserved 1048576K
}
Event: 10.822 GC heap after
{Heap after GC invocations=27 (full 0):
 garbage-first heap   total 348160K, used 69570K [0x00000000cac00000, 0x0000000100000000)
  region size 1024K, 3 young (3072K), 3 survivors (3072K)
 Metaspace       used 69408K, committed 70016K, reserved 1114112K
  class space    used 9838K, committed 10112K, reserved 1048576K
}
Event: 11.178 GC heap before
{Heap before GC invocations=28 (full 0):
 garbage-first heap   total 327680K, used 208834K [0x00000000cac00000, 0x0000000100000000)
  region size 1024K, 137 young (140288K), 3 survivors (3072K)
 Metaspace       used 69409K, committed 70016K, reserved 1114112K
  class space    used 9838K, committed 10112K, reserved 1048576K
}
Event: 11.219 GC heap after
{Heap after GC invocations=29 (full 0):
 garbage-first heap   total 327680K, used 105196K [0x00000000cac00000, 0x0000000100000000)
  region size 1024K, 18 young (18432K), 18 survivors (18432K)
 Metaspace       used 69409K, committed 70016K, reserved 1114112K
  class space    used 9838K, committed 10112K, reserved 1048576K
}
Event: 11.223 GC heap before
{Heap before GC invocations=29 (full 0):
 garbage-first heap   total 327680K, used 106220K [0x00000000cac00000, 0x0000000100000000)
  region size 1024K, 19 young (19456K), 18 survivors (18432K)
 Metaspace       used 69409K, committed 70016K, reserved 1114112K
  class space    used 9838K, committed 10112K, reserved 1048576K
}
Event: 11.239 GC heap after
{Heap after GC invocations=30 (full 0):
 garbage-first heap   total 327680K, used 107192K [0x00000000cac00000, 0x0000000100000000)
  region size 1024K, 2 young (2048K), 2 survivors (2048K)
 Metaspace       used 69409K, committed 70016K, reserved 1114112K
  class space    used 9838K, committed 10112K, reserved 1048576K
}
Event: 11.405 GC heap before
{Heap before GC invocations=30 (full 0):
 garbage-first heap   total 327680K, used 192184K [0x00000000cac00000, 0x0000000100000000)
  region size 1024K, 85 young (87040K), 2 survivors (2048K)
 Metaspace       used 69409K, committed 70016K, reserved 1114112K
  class space    used 9838K, committed 10112K, reserved 1048576K
}
Event: 11.437 GC heap after
{Heap after GC invocations=31 (full 0):
 garbage-first heap   total 327680K, used 137699K [0x00000000cac00000, 0x0000000100000000)
  region size 1024K, 11 young (11264K), 11 survivors (11264K)
 Metaspace       used 69409K, committed 70016K, reserved 1114112K
  class space    used 9838K, committed 10112K, reserved 1048576K
}
Event: 11.591 GC heap before
{Heap before GC invocations=31 (full 0):
 garbage-first heap   total 327680K, used 215523K [0x00000000cac00000, 0x0000000100000000)
  region size 1024K, 84 young (86016K), 11 survivors (11264K)
 Metaspace       used 69413K, committed 70016K, reserved 1114112K
  class space    used 9838K, committed 10112K, reserved 1048576K
}
Event: 11.611 GC heap after
{Heap after GC invocations=32 (full 0):
 garbage-first heap   total 327680K, used 150832K [0x00000000cac00000, 0x0000000100000000)
  region size 1024K, 8 young (8192K), 8 survivors (8192K)
 Metaspace       used 69413K, committed 70016K, reserved 1114112K
  class space    used 9838K, committed 10112K, reserved 1048576K
}
Event: 12.846 GC heap before
{Heap before GC invocations=32 (full 0):
 garbage-first heap   total 327680K, used 227632K [0x00000000cac00000, 0x0000000100000000)
  region size 1024K, 83 young (84992K), 8 survivors (8192K)
 Metaspace       used 73874K, committed 74432K, reserved 1114112K
  class space    used 10473K, committed 10752K, reserved 1048576K
}

