# JRE version: Java(TM) SE Runtime Environment (17.0.12+8) (build 17.0.12+8-LTS-286)
# Java VM: Java HotSpot(TM) 64-Bit Server VM (17.0.12+8-LTS-286, mixed mode, sharing, tiered, compressed oops, compressed class ptrs, g1 gc, windows-amd64)
GC Precious Log:
 CPUs: 12 total, 12 available
 Memory: 3405M
 Large Page Support: Disabled
 NUMA Support: Disabled
 Compressed Oops: Enabled (32-bit)
 Heap Region Size: 1M
 Heap Min Capacity: 8M
 Heap Initial Capacity: 54M
 Heap Max Capacity: 852M
 Pre-touch: Disabled
 Parallel Workers: 10
 Concurrent Workers: 3
 Concurrent Refinement Workers: 10
 Periodic GC: Disabled
Heap:
 garbage-first heap   total 55296K, used 33881K [0x00000000cac00000, 0x0000000100000000)
  region size 1024K, 14 young (14336K), 3 survivors (3072K)
 Metaspace       used 46628K, committed 47104K, reserved 1114112K
  class space    used 6142K, committed 6400K, reserved 1048576K
GC Heap History (20 events):
Event: 2.203 GC heap before
{Heap before GC invocations=0 (full 0):
 garbage-first heap   total 55296K, used 25600K [0x00000000cac00000, 0x0000000100000000)
  region size 1024K, 23 young (23552K), 0 survivors (0K)
 Metaspace       used 6023K, committed 6272K, reserved 1114112K
  class space    used 734K, committed 832K, reserved 1048576K
}
Event: 2.217 GC heap after
{Heap after GC invocations=1 (full 0):
 garbage-first heap   total 55296K, used 7976K [0x00000000cac00000, 0x0000000100000000)
  region size 1024K, 3 young (3072K), 3 survivors (3072K)
 Metaspace       used 6023K, committed 6272K, reserved 1114112K
  class space    used 734K, committed 832K, reserved 1048576K
}
Event: 5.020 GC heap before
{Heap before GC invocations=1 (full 0):
 garbage-first heap   total 55296K, used 27432K [0x00000000cac00000, 0x0000000100000000)
  region size 1024K, 23 young (23552K), 3 survivors (3072K)
 Metaspace       used 11170K, committed 11456K, reserved 1114112K
  class space    used 1404K, committed 1536K, reserved 1048576K
}
Event: 5.027 GC heap after
{Heap after GC invocations=2 (full 0):
 garbage-first heap   total 55296K, used 9391K [0x00000000cac00000, 0x0000000100000000)
  region size 1024K, 2 young (2048K), 2 survivors (2048K)
 Metaspace       used 11170K, committed 11456K, reserved 1114112K
  class space    used 1404K, committed 1536K, reserved 1048576K
}
Event: 8.150 GC heap before
{Heap before GC invocations=2 (full 0):
 garbage-first heap   total 55296K, used 30895K [0x00000000cac00000, 0x0000000100000000)
  region size 1024K, 23 young (23552K), 2 survivors (2048K)
 Metaspace       used 16610K, committed 16960K, reserved 1114112K
  class space    used 2097K, committed 2240K, reserved 1048576K
}
Event: 8.156 GC heap after
{Heap after GC invocations=3 (full 0):
 garbage-first heap   total 55296K, used 11734K [0x00000000cac00000, 0x0000000100000000)
  region size 1024K, 3 young (3072K), 3 survivors (3072K)
 Metaspace       used 16610K, committed 16960K, reserved 1114112K
  class space    used 2097K, committed 2240K, reserved 1048576K
}
Event: 12.475 GC heap before
{Heap before GC invocations=3 (full 0):
 garbage-first heap   total 55296K, used 33238K [0x00000000cac00000, 0x0000000100000000)
  region size 1024K, 25 young (25600K), 3 survivors (3072K)
 Metaspace       used 18960K, committed 19264K, reserved 1114112K
  class space    used 2370K, committed 2496K, reserved 1048576K
}
Event: 12.488 GC heap after
{Heap after GC invocations=4 (full 0):
 garbage-first heap   total 55296K, used 14312K [0x00000000cac00000, 0x0000000100000000)
  region size 1024K, 4 young (4096K), 4 survivors (4096K)
 Metaspace       used 18960K, committed 19264K, reserved 1114112K
  class space    used 2370K, committed 2496K, reserved 1048576K
}
Event: 15.874 GC heap before
{Heap before GC invocations=4 (full 0):
 garbage-first heap   total 55296K, used 29672K [0x00000000cac00000, 0x0000000100000000)
  region size 1024K, 20 young (20480K), 4 survivors (4096K)
 Metaspace       used 21177K, committed 21504K, reserved 1114112K
  class space    used 2651K, committed 2816K, reserved 1048576K
}
Event: 15.895 GC heap after
{Heap after GC invocations=5 (full 0):
 garbage-first heap   total 55296K, used 16218K [0x00000000cac00000, 0x0000000100000000)
  region size 1024K, 2 young (2048K), 2 survivors (2048K)
 Metaspace       used 21177K, committed 21504K, reserved 1114112K
  class space    used 2651K, committed 2816K, reserved 1048576K
}
Event: 18.176 GC heap before
{Heap before GC invocations=6 (full 0):
 garbage-first heap   total 55296K, used 37722K [0x00000000cac00000, 0x0000000100000000)
  region size 1024K, 23 young (23552K), 2 survivors (2048K)
 Metaspace       used 24463K, committed 24896K, reserved 1114112K
  class space    used 3124K, committed 3328K, reserved 1048576K
}
Event: 18.193 GC heap after
{Heap after GC invocations=7 (full 0):
 garbage-first heap   total 55296K, used 17540K [0x00000000cac00000, 0x0000000100000000)
  region size 1024K, 3 young (3072K), 3 survivors (3072K)
 Metaspace       used 24463K, committed 24896K, reserved 1114112K
  class space    used 3124K, committed 3328K, reserved 1048576K
}
Event: 23.845 GC heap before
{Heap before GC invocations=7 (full 0):
 garbage-first heap   total 55296K, used 39044K [0x00000000cac00000, 0x0000000100000000)
  region size 1024K, 24 young (24576K), 3 survivors (3072K)
 Metaspace       used 29094K, committed 29568K, reserved 1114112K
  class space    used 3743K, committed 3968K, reserved 1048576K
}
Event: 23.866 GC heap after
{Heap after GC invocations=8 (full 0):
 garbage-first heap   total 55296K, used 19677K [0x00000000cac00000, 0x0000000100000000)
  region size 1024K, 3 young (3072K), 3 survivors (3072K)
 Metaspace       used 29094K, committed 29568K, reserved 1114112K
  class space    used 3743K, committed 3968K, reserved 1048576K
}
Event: 25.941 GC heap before
{Heap before GC invocations=8 (full 0):
 garbage-first heap   total 55296K, used 40157K [0x00000000cac00000, 0x0000000100000000)
  region size 1024K, 23 young (23552K), 3 survivors (3072K)
 Metaspace       used 32797K, committed 33280K, reserved 1114112K
  class space    used 4258K, committed 4480K, reserved 1048576K
}
Event: 25.947 GC heap after
{Heap after GC invocations=9 (full 0):
 garbage-first heap   total 55296K, used 21147K [0x00000000cac00000, 0x0000000100000000)
  region size 1024K, 2 young (2048K), 2 survivors (2048K)
 Metaspace       used 32797K, committed 33280K, reserved 1114112K
  class space    used 4258K, committed 4480K, reserved 1048576K
}
Event: 26.932 GC heap before
{Heap before GC invocations=9 (full 0):
 garbage-first heap   total 55296K, used 31387K [0x00000000cac00000, 0x0000000100000000)
  region size 1024K, 13 young (13312K), 2 survivors (2048K)
 Metaspace       used 35568K, committed 35968K, reserved 1114112K
  class space    used 4696K, committed 4864K, reserved 1048576K
}
Event: 26.940 GC heap after
{Heap after GC invocations=10 (full 0):
 garbage-first heap   total 55296K, used 21453K [0x00000000cac00000, 0x0000000100000000)
  region size 1024K, 2 young (2048K), 2 survivors (2048K)
 Metaspace       used 35568K, committed 35968K, reserved 1114112K
  class space    used 4696K, committed 4864K, reserved 1048576K
}
Event: 30.917 GC heap before
{Heap before GC invocations=11 (full 0):
 garbage-first heap   total 55296K, used 41933K [0x00000000cac00000, 0x0000000100000000)
  region size 1024K, 22 young (22528K), 2 survivors (2048K)
 Metaspace       used 44299K, committed 44800K, reserved 1114112K
  class space    used 5817K, committed 6080K, reserved 1048576K
}
Event: 30.925 GC heap after
{Heap after GC invocations=12 (full 0):
 garbage-first heap   total 55296K, used 23641K [0x00000000cac00000, 0x0000000100000000)
  region size 1024K, 3 young (3072K), 3 survivors (3072K)
 Metaspace       used 44299K, committed 44800K, reserved 1114112K
  class space    used 5817K, committed 6080K, reserved 1048576K
}

