# JRE version: Java(TM) SE Runtime Environment (17.0.12+8) (build 17.0.12+8-LTS-286)
# Java VM: Java HotSpot(TM) 64-Bit Server VM (17.0.12+8-LTS-286, mixed mode, sharing, tiered, compressed oops, compressed class ptrs, g1 gc, windows-amd64)
GC Precious Log:
 CPUs: 12 total, 12 available
 Memory: 3405M
 Large Page Support: Disabled
 NUMA Support: Disabled
 Compressed Oops: Enabled (32-bit)
 Heap Region Size: 1M
 Heap Min Capacity: 8M
 Heap Initial Capacity: 54M
 Heap Max Capacity: 852M
 Pre-touch: Disabled
 Parallel Workers: 10
 Concurrent Workers: 3
 Concurrent Refinement Workers: 10
 Periodic GC: Disabled
Heap:
 garbage-first heap   total 71680K, used 47848K [0x00000000cac00000, 0x0000000100000000)
  region size 1024K, 1 young (1024K), 1 survivors (1024K)
 Metaspace       used 28193K, committed 28480K, reserved 1114112K
  class space    used 3264K, committed 3392K, reserved 1048576K
GC Heap History (20 events):
Event: 3.037 GC heap after
{Heap after GC invocations=3 (full 0):
 garbage-first heap   total 55296K, used 8080K [0x00000000cac00000, 0x0000000100000000)
  region size 1024K, 4 young (4096K), 4 survivors (4096K)
 Metaspace       used 14477K, committed 14720K, reserved 1114112K
  class space    used 1775K, committed 1856K, reserved 1048576K
}
Event: 3.514 GC heap before
{Heap before GC invocations=3 (full 0):
 garbage-first heap   total 55296K, used 36752K [0x00000000cac00000, 0x0000000100000000)
  region size 1024K, 32 young (32768K), 4 survivors (4096K)
 Metaspace       used 15375K, committed 15616K, reserved 1114112K
  class space    used 1847K, committed 1984K, reserved 1048576K
}
Event: 3.524 GC heap after
{Heap after GC invocations=4 (full 0):
 garbage-first heap   total 55296K, used 12138K [0x00000000cac00000, 0x0000000100000000)
  region size 1024K, 4 young (4096K), 4 survivors (4096K)
 Metaspace       used 15375K, committed 15616K, reserved 1114112K
  class space    used 1847K, committed 1984K, reserved 1048576K
}
Event: 3.968 GC heap before
{Heap before GC invocations=4 (full 0):
 garbage-first heap   total 55296K, used 38762K [0x00000000cac00000, 0x0000000100000000)
  region size 1024K, 30 young (30720K), 4 survivors (4096K)
 Metaspace       used 15734K, committed 15936K, reserved 1114112K
  class space    used 1871K, committed 1984K, reserved 1048576K
}
Event: 3.977 GC heap after
{Heap after GC invocations=5 (full 0):
 garbage-first heap   total 66560K, used 14273K [0x00000000cac00000, 0x0000000100000000)
  region size 1024K, 3 young (3072K), 3 survivors (3072K)
 Metaspace       used 15734K, committed 15936K, reserved 1114112K
  class space    used 1871K, committed 1984K, reserved 1048576K
}
Event: 4.815 GC heap before
{Heap before GC invocations=5 (full 0):
 garbage-first heap   total 66560K, used 47041K [0x00000000cac00000, 0x0000000100000000)
  region size 1024K, 35 young (35840K), 3 survivors (3072K)
 Metaspace       used 16729K, committed 16960K, reserved 1114112K
  class space    used 1974K, committed 2112K, reserved 1048576K
}
Event: 4.821 GC heap after
{Heap after GC invocations=6 (full 0):
 garbage-first heap   total 66560K, used 15189K [0x00000000cac00000, 0x0000000100000000)
  region size 1024K, 4 young (4096K), 4 survivors (4096K)
 Metaspace       used 16729K, committed 16960K, reserved 1114112K
  class space    used 1974K, committed 2112K, reserved 1048576K
}
Event: 5.466 GC heap before
{Heap before GC invocations=6 (full 0):
 garbage-first heap   total 66560K, used 48981K [0x00000000cac00000, 0x0000000100000000)
  region size 1024K, 34 young (34816K), 4 survivors (4096K)
 Metaspace       used 21295K, committed 21504K, reserved 1114112K
  class space    used 2514K, committed 2624K, reserved 1048576K
}
Event: 5.475 GC heap after
{Heap after GC invocations=7 (full 0):
 garbage-first heap   total 66560K, used 23488K [0x00000000cac00000, 0x0000000100000000)
  region size 1024K, 5 young (5120K), 5 survivors (5120K)
 Metaspace       used 21295K, committed 21504K, reserved 1114112K
  class space    used 2514K, committed 2624K, reserved 1048576K
}
Event: 5.875 GC heap before
{Heap before GC invocations=8 (full 0):
 garbage-first heap   total 66560K, used 50112K [0x00000000cac00000, 0x0000000100000000)
  region size 1024K, 30 young (30720K), 5 survivors (5120K)
 Metaspace       used 25592K, committed 25792K, reserved 1114112K
  class space    used 2985K, committed 3072K, reserved 1048576K
}
Event: 5.888 GC heap after
{Heap after GC invocations=9 (full 0):
 garbage-first heap   total 67584K, used 36210K [0x00000000cac00000, 0x0000000100000000)
  region size 1024K, 4 young (4096K), 4 survivors (4096K)
 Metaspace       used 25592K, committed 25792K, reserved 1114112K
  class space    used 2985K, committed 3072K, reserved 1048576K
}
Event: 6.038 GC heap before
{Heap before GC invocations=9 (full 0):
 garbage-first heap   total 67584K, used 49522K [0x00000000cac00000, 0x0000000100000000)
  region size 1024K, 17 young (17408K), 4 survivors (4096K)
 Metaspace       used 26216K, committed 26496K, reserved 1114112K
  class space    used 3052K, committed 3136K, reserved 1048576K
}
Event: 6.047 GC heap after
{Heap after GC invocations=10 (full 0):
 garbage-first heap   total 67584K, used 39552K [0x00000000cac00000, 0x0000000100000000)
  region size 1024K, 3 young (3072K), 3 survivors (3072K)
 Metaspace       used 26216K, committed 26496K, reserved 1114112K
  class space    used 3052K, committed 3136K, reserved 1048576K
}
Event: 6.148 GC heap before
{Heap before GC invocations=11 (full 0):
 garbage-first heap   total 71680K, used 48768K [0x00000000cac00000, 0x0000000100000000)
  region size 1024K, 14 young (14336K), 3 survivors (3072K)
 Metaspace       used 26406K, committed 26624K, reserved 1114112K
  class space    used 3054K, committed 3136K, reserved 1048576K
}
Event: 6.156 GC heap after
{Heap after GC invocations=12 (full 0):
 garbage-first heap   total 71680K, used 39834K [0x00000000cac00000, 0x0000000100000000)
  region size 1024K, 2 young (2048K), 2 survivors (2048K)
 Metaspace       used 26406K, committed 26624K, reserved 1114112K
  class space    used 3054K, committed 3136K, reserved 1048576K
}
Event: 6.503 GC heap before
{Heap before GC invocations=12 (full 0):
 garbage-first heap   total 71680K, used 54170K [0x00000000cac00000, 0x0000000100000000)
  region size 1024K, 16 young (16384K), 2 survivors (2048K)
 Metaspace       used 28106K, committed 28416K, reserved 1114112K
  class space    used 3264K, committed 3392K, reserved 1048576K
}
Event: 6.513 GC heap after
{Heap after GC invocations=13 (full 0):
 garbage-first heap   total 71680K, used 41151K [0x00000000cac00000, 0x0000000100000000)
  region size 1024K, 2 young (2048K), 2 survivors (2048K)
 Metaspace       used 28106K, committed 28416K, reserved 1114112K
  class space    used 3264K, committed 3392K, reserved 1048576K
}
Event: 6.649 GC heap before
{Heap before GC invocations=14 (full 0):
 garbage-first heap   total 71680K, used 57535K [0x00000000cac00000, 0x0000000100000000)
  region size 1024K, 15 young (15360K), 2 survivors (2048K)
 Metaspace       used 28178K, committed 28480K, reserved 1114112K
  class space    used 3264K, committed 3392K, reserved 1048576K
}
Event: 6.659 GC heap after
{Heap after GC invocations=15 (full 0):
 garbage-first heap   total 71680K, used 53248K [0x00000000cac00000, 0x0000000100000000)
  region size 1024K, 2 young (2048K), 2 survivors (2048K)
 Metaspace       used 28178K, committed 28480K, reserved 1114112K
  class space    used 3264K, committed 3392K, reserved 1048576K
}
Event: 6.668 GC heap before
{Heap before GC invocations=15 (full 0):
 garbage-first heap   total 71680K, used 54272K [0x00000000cac00000, 0x0000000100000000)
  region size 1024K, 3 young (3072K), 2 survivors (2048K)
 Metaspace       used 28193K, committed 28480K, reserved 1114112K
  class space    used 3264K, committed 3392K, reserved 1048576K
}

