# JRE version: Java(TM) SE Runtime Environment (17.0.12+8) (build 17.0.12+8-LTS-286)
# Java VM: Java HotSpot(TM) 64-Bit Server VM (17.0.12+8-LTS-286, mixed mode, sharing, tiered, compressed oops, compressed class ptrs, g1 gc, windows-amd64)
GC Precious Log:
 CPUs: 12 total, 12 available
 Memory: 3405M
 Large Page Support: Disabled
 NUMA Support: Disabled
 Compressed Oops: Enabled (32-bit)
 Heap Region Size: 1M
 Heap Min Capacity: 8M
 Heap Initial Capacity: 54M
 Heap Max Capacity: 852M
 Pre-touch: Disabled
 Parallel Workers: 10
 Concurrent Workers: 3
 Concurrent Refinement Workers: 10
 Periodic GC: Disabled
Heap:
 garbage-first heap   total 55296K, used 28182K [0x00000000cac00000, 0x0000000100000000)
  region size 1024K, 21 young (21504K), 4 survivors (4096K)
 Metaspace       used 15748K, committed 16000K, reserved 1114112K
  class space    used 1871K, committed 1984K, reserved 1048576K
GC Heap History (8 events):
Event: 1.172 GC heap before
{Heap before GC invocations=0 (full 0):
 garbage-first heap   total 55296K, used 23552K [0x00000000cac00000, 0x0000000100000000)
  region size 1024K, 23 young (23552K), 0 survivors (0K)
 Metaspace       used 5513K, committed 5696K, reserved 1114112K
  class space    used 663K, committed 768K, reserved 1048576K
}
Event: 1.182 GC heap after
{Heap after GC invocations=1 (full 0):
 garbage-first heap   total 55296K, used 3716K [0x00000000cac00000, 0x0000000100000000)
  region size 1024K, 3 young (3072K), 3 survivors (3072K)
 Metaspace       used 5513K, committed 5696K, reserved 1114112K
  class space    used 663K, committed 768K, reserved 1048576K
}
Event: 1.852 GC heap before
{Heap before GC invocations=1 (full 0):
 garbage-first heap   total 55296K, used 27268K [0x00000000cac00000, 0x0000000100000000)
  region size 1024K, 27 young (27648K), 3 survivors (3072K)
 Metaspace       used 8235K, committed 8448K, reserved 1114112K
  class space    used 975K, committed 1088K, reserved 1048576K
}
Event: 1.859 GC heap after
{Heap after GC invocations=2 (full 0):
 garbage-first heap   total 55296K, used 4695K [0x00000000cac00000, 0x0000000100000000)
  region size 1024K, 1 young (1024K), 1 survivors (1024K)
 Metaspace       used 8235K, committed 8448K, reserved 1114112K
  class space    used 975K, committed 1088K, reserved 1048576K
}
Event: 3.048 GC heap before
{Heap before GC invocations=2 (full 0):
 garbage-first heap   total 55296K, used 36439K [0x00000000cac00000, 0x0000000100000000)
  region size 1024K, 32 young (32768K), 1 survivors (1024K)
 Metaspace       used 14524K, committed 14720K, reserved 1114112K
  class space    used 1778K, committed 1856K, reserved 1048576K
}
Event: 3.061 GC heap after
{Heap after GC invocations=3 (full 0):
 garbage-first heap   total 55296K, used 8127K [0x00000000cac00000, 0x0000000100000000)
  region size 1024K, 4 young (4096K), 4 survivors (4096K)
 Metaspace       used 14524K, committed 14720K, reserved 1114112K
  class space    used 1778K, committed 1856K, reserved 1048576K
}
Event: 3.865 GC heap before
{Heap before GC invocations=3 (full 0):
 garbage-first heap   total 55296K, used 36799K [0x00000000cac00000, 0x0000000100000000)
  region size 1024K, 32 young (32768K), 4 survivors (4096K)
 Metaspace       used 15430K, committed 15616K, reserved 1114112K
  class space    used 1848K, committed 1984K, reserved 1048576K
}
Event: 3.877 GC heap after
{Heap after GC invocations=4 (full 0):
 garbage-first heap   total 55296K, used 11798K [0x00000000cac00000, 0x0000000100000000)
  region size 1024K, 4 young (4096K), 4 survivors (4096K)
 Metaspace       used 15430K, committed 15616K, reserved 1114112K
  class space    used 1848K, committed 1984K, reserved 1048576K
}

